# JRE version: OpenJDK Runtime Environment Temurin-21.0.10+7 (21.0.10+7) (build 21.0.10+7-LTS)
# Java VM: OpenJDK 64-Bit Server VM Temurin-21.0.10+7 (21.0.10+7-LTS, mixed mode, sharing, tiered, compressed oops, compressed class ptrs, parallel gc, windows-amd64)
GC Precious Log:
 CardTable entry size: 512
 CPUs: 16 total, 16 available
 Memory: 6005M
 Large Page Support: Disabled
 NUMA Support: Disabled
 Compressed Oops: Enabled (32-bit)
 Alignments: Space 512K, Generation 512K, Heap 2M
 Heap Min Capacity: 100M
 Heap Initial Capacity: 100M
 Heap Max Capacity: 2G
 Pre-touch: Disabled
 Parallel Workers: 13
Heap:
 PSYoungGen      total 6656K, used 4525K [0x00000000d5580000, 0x00000000d5d80000, 0x0000000100000000)
  eden space 5120K, 76% used [0x00000000d5580000,0x00000000d5953788,0x00000000d5a80000)
  from space 1536K, 39% used [0x00000000d5b00000,0x00000000d5b98020,0x00000000d5c80000)
  to   space 1024K, 0% used [0x00000000d5c80000,0x00000000d5c80000,0x00000000d5d80000)
 ParOldGen       total 130560K, used 130133K [0x0000000080000000, 0x0000000087f80000, 0x00000000d5580000)
  object space 130560K, 99% used [0x0000000080000000,0x0000000087f156b0,0x0000000087f80000)
 Metaspace       used 64968K, committed 66368K, reserved 1114112K
  class space    used 6617K, committed 7232K, reserved 1048576K
GC Heap History (20 events):
Event: 2010.576 GC heap before
{Heap before GC invocations=103 (full 3):
 PSYoungGen      total 6144K, used 6117K [0x00000000d5580000, 0x00000000d5e80000, 0x0000000100000000)
  eden space 5120K, 100% used [0x00000000d5580000,0x00000000d5a80000,0x00000000d5a80000)
  from space 1024K, 97% used [0x00000000d5a80000,0x00000000d5b79530,0x00000000d5b80000)
  to   space 2048K, 0% used [0x00000000d5c80000,0x00000000d5c80000,0x00000000d5e80000)
 ParOldGen       total 121856K, used 121401K [0x0000000080000000, 0x0000000087700000, 0x00000000d5580000)
  object space 121856K, 99% used [0x0000000080000000,0x000000008768e500,0x0000000087700000)
 Metaspace       used 64902K, committed 66304K, reserved 1114112K
  class space    used 6616K, committed 7232K, reserved 1048576K
}
Event: 2010.578 GC heap after
{Heap after GC invocations=103 (full 3):
 PSYoungGen      total 6656K, used 1421K [0x00000000d5580000, 0x00000000d5e00000, 0x0000000100000000)
  eden space 5120K, 0% used [0x00000000d5580000,0x00000000d5580000,0x00000000d5a80000)
  from space 1536K, 92% used [0x00000000d5c80000,0x00000000d5de34f0,0x00000000d5e00000)
  to   space 1536K, 0% used [0x00000000d5b00000,0x00000000d5b00000,0x00000000d5c80000)
 ParOldGen       total 122880K, used 122418K [0x0000000080000000, 0x0000000087800000, 0x00000000d5580000)
  object space 122880K, 99% used [0x0000000080000000,0x000000008778caf8,0x0000000087800000)
 Metaspace       used 64902K, committed 66304K, reserved 1114112K
  class space    used 6616K, committed 7232K, reserved 1048576K
}
Event: 2010.586 GC heap before
{Heap before GC invocations=104 (full 3):
 PSYoungGen      total 6656K, used 6541K [0x00000000d5580000, 0x00000000d5e00000, 0x0000000100000000)
  eden space 5120K, 100% used [0x00000000d5580000,0x00000000d5a80000,0x00000000d5a80000)
  from space 1536K, 92% used [0x00000000d5c80000,0x00000000d5de34f0,0x00000000d5e00000)
  to   space 1536K, 0% used [0x00000000d5b00000,0x00000000d5b00000,0x00000000d5c80000)
 ParOldGen       total 122880K, used 122418K [0x0000000080000000, 0x0000000087800000, 0x00000000d5580000)
  object space 122880K, 99% used [0x0000000080000000,0x000000008778caf8,0x0000000087800000)
 Metaspace       used 64903K, committed 66304K, reserved 1114112K
  class space    used 6616K, committed 7232K, reserved 1048576K
}
Event: 2010.587 GC heap after
{Heap after GC invocations=104 (full 3):
 PSYoungGen      total 6144K, used 640K [0x00000000d5580000, 0x00000000d5d00000, 0x0000000100000000)
  eden space 5120K, 0% used [0x00000000d5580000,0x00000000d5580000,0x00000000d5a80000)
  from space 1024K, 62% used [0x00000000d5b00000,0x00000000d5ba0020,0x00000000d5c00000)
  to   space 1024K, 0% used [0x00000000d5c00000,0x00000000d5c00000,0x00000000d5d00000)
 ParOldGen       total 123904K, used 123775K [0x0000000080000000, 0x0000000087900000, 0x00000000d5580000)
  object space 123904K, 99% used [0x0000000080000000,0x00000000878dfec8,0x0000000087900000)
 Metaspace       used 64903K, committed 66304K, reserved 1114112K
  class space    used 6616K, committed 7232K, reserved 1048576K
}
Event: 2010.604 GC heap before
{Heap before GC invocations=105 (full 3):
 PSYoungGen      total 6144K, used 5760K [0x00000000d5580000, 0x00000000d5d00000, 0x0000000100000000)
  eden space 5120K, 100% used [0x00000000d5580000,0x00000000d5a80000,0x00000000d5a80000)
  from space 1024K, 62% used [0x00000000d5b00000,0x00000000d5ba0020,0x00000000d5c00000)
  to   space 1024K, 0% used [0x00000000d5c00000,0x00000000d5c00000,0x00000000d5d00000)
 ParOldGen       total 123904K, used 123775K [0x0000000080000000, 0x0000000087900000, 0x00000000d5580000)
  object space 123904K, 99% used [0x0000000080000000,0x00000000878dfec8,0x0000000087900000)
 Metaspace       used 64910K, committed 66304K, reserved 1114112K
  class space    used 6616K, committed 7232K, reserved 1048576K
}
Event: 2010.605 GC heap after
{Heap after GC invocations=105 (full 3):
 PSYoungGen      total 6144K, used 805K [0x00000000d5580000, 0x00000000d5d00000, 0x0000000100000000)
  eden space 5120K, 0% used [0x00000000d5580000,0x00000000d5580000,0x00000000d5a80000)
  from space 1024K, 78% used [0x00000000d5c00000,0x00000000d5cc9550,0x00000000d5d00000)
  to   space 1024K, 0% used [0x00000000d5b00000,0x00000000d5b00000,0x00000000d5c00000)
 ParOldGen       total 124416K, used 124255K [0x0000000080000000, 0x0000000087980000, 0x00000000d5580000)
  object space 124416K, 99% used [0x0000000080000000,0x0000000087957ee8,0x0000000087980000)
 Metaspace       used 64910K, committed 66304K, reserved 1114112K
  class space    used 6616K, committed 7232K, reserved 1048576K
}
Event: 2010.644 GC heap before
{Heap before GC invocations=106 (full 3):
 PSYoungGen      total 6144K, used 5925K [0x00000000d5580000, 0x00000000d5d00000, 0x0000000100000000)
  eden space 5120K, 100% used [0x00000000d5580000,0x00000000d5a80000,0x00000000d5a80000)
  from space 1024K, 78% used [0x00000000d5c00000,0x00000000d5cc9550,0x00000000d5d00000)
  to   space 1024K, 0% used [0x00000000d5b00000,0x00000000d5b00000,0x00000000d5c00000)
 ParOldGen       total 124416K, used 124255K [0x0000000080000000, 0x0000000087980000, 0x00000000d5580000)
  object space 124416K, 99% used [0x0000000080000000,0x0000000087957ee8,0x0000000087980000)
 Metaspace       used 64923K, committed 66368K, reserved 1114112K
  class space    used 6616K, committed 7232K, reserved 1048576K
}
Event: 2010.646 GC heap after
{Heap after GC invocations=106 (full 3):
 PSYoungGen      total 6144K, used 999K [0x00000000d5580000, 0x00000000d6080000, 0x0000000100000000)
  eden space 5120K, 0% used [0x00000000d5580000,0x00000000d5580000,0x00000000d5a80000)
  from space 1024K, 97% used [0x00000000d5b00000,0x00000000d5bf9ec8,0x00000000d5c00000)
  to   space 3072K, 0% used [0x00000000d5d80000,0x00000000d5d80000,0x00000000d6080000)
 ParOldGen       total 125952K, used 125850K [0x0000000080000000, 0x0000000087b00000, 0x00000000d5580000)
  object space 125952K, 99% used [0x0000000080000000,0x0000000087ae6b58,0x0000000087b00000)
 Metaspace       used 64923K, committed 66368K, reserved 1114112K
  class space    used 6616K, committed 7232K, reserved 1048576K
}
Event: 2010.662 GC heap before
{Heap before GC invocations=107 (full 3):
 PSYoungGen      total 6144K, used 6119K [0x00000000d5580000, 0x00000000d6080000, 0x0000000100000000)
  eden space 5120K, 100% used [0x00000000d5580000,0x00000000d5a80000,0x00000000d5a80000)
  from space 1024K, 97% used [0x00000000d5b00000,0x00000000d5bf9ec8,0x00000000d5c00000)
  to   space 3072K, 0% used [0x00000000d5d80000,0x00000000d5d80000,0x00000000d6080000)
 ParOldGen       total 125952K, used 125850K [0x0000000080000000, 0x0000000087b00000, 0x00000000d5580000)
  object space 125952K, 99% used [0x0000000080000000,0x0000000087ae6b58,0x0000000087b00000)
 Metaspace       used 64930K, committed 66368K, reserved 1114112K
  class space    used 6616K, committed 7232K, reserved 1048576K
}
Event: 2010.665 GC heap after
{Heap after GC invocations=107 (full 3):
 PSYoungGen      total 6144K, used 640K [0x00000000d5580000, 0x00000000d5e80000, 0x0000000100000000)
  eden space 5120K, 0% used [0x00000000d5580000,0x00000000d5580000,0x00000000d5a80000)
  from space 1024K, 62% used [0x00000000d5d80000,0x00000000d5e20000,0x00000000d5e80000)
  to   space 1536K, 0% used [0x00000000d5b80000,0x00000000d5b80000,0x00000000d5d00000)
 ParOldGen       total 126976K, used 126786K [0x0000000080000000, 0x0000000087c00000, 0x00000000d5580000)
  object space 126976K, 99% used [0x0000000080000000,0x0000000087bd0a78,0x0000000087c00000)
 Metaspace       used 64930K, committed 66368K, reserved 1114112K
  class space    used 6616K, committed 7232K, reserved 1048576K
}
Event: 2010.679 GC heap before
{Heap before GC invocations=108 (full 3):
 PSYoungGen      total 6144K, used 5760K [0x00000000d5580000, 0x00000000d5e80000, 0x0000000100000000)
  eden space 5120K, 100% used [0x00000000d5580000,0x00000000d5a80000,0x00000000d5a80000)
  from space 1024K, 62% used [0x00000000d5d80000,0x00000000d5e20000,0x00000000d5e80000)
  to   space 1536K, 0% used [0x00000000d5b80000,0x00000000d5b80000,0x00000000d5d00000)
 ParOldGen       total 126976K, used 126786K [0x0000000080000000, 0x0000000087c00000, 0x00000000d5580000)
  object space 126976K, 99% used [0x0000000080000000,0x0000000087bd0a78,0x0000000087c00000)
 Metaspace       used 64931K, committed 66368K, reserved 1114112K
  class space    used 6616K, committed 7232K, reserved 1048576K
}
Event: 2010.681 GC heap after
{Heap after GC invocations=108 (full 3):
 PSYoungGen      total 6656K, used 608K [0x00000000d5580000, 0x00000000d5e00000, 0x0000000100000000)
  eden space 5120K, 0% used [0x00000000d5580000,0x00000000d5580000,0x00000000d5a80000)
  from space 1536K, 39% used [0x00000000d5b80000,0x00000000d5c18000,0x00000000d5d00000)
  to   space 1024K, 0% used [0x00000000d5d00000,0x00000000d5d00000,0x00000000d5e00000)
 ParOldGen       total 127488K, used 127242K [0x0000000080000000, 0x0000000087c80000, 0x00000000d5580000)
  object space 127488K, 99% used [0x0000000080000000,0x0000000087c42ad8,0x0000000087c80000)
 Metaspace       used 64931K, committed 66368K, reserved 1114112K
  class space    used 6616K, committed 7232K, reserved 1048576K
}
Event: 2010.696 GC heap before
{Heap before GC invocations=109 (full 3):
 PSYoungGen      total 6656K, used 5728K [0x00000000d5580000, 0x00000000d5e00000, 0x0000000100000000)
  eden space 5120K, 100% used [0x00000000d5580000,0x00000000d5a80000,0x00000000d5a80000)
  from space 1536K, 39% used [0x00000000d5b80000,0x00000000d5c18000,0x00000000d5d00000)
  to   space 1024K, 0% used [0x00000000d5d00000,0x00000000d5d00000,0x00000000d5e00000)
 ParOldGen       total 127488K, used 127242K [0x0000000080000000, 0x0000000087c80000, 0x00000000d5580000)
  object space 127488K, 99% used [0x0000000080000000,0x0000000087c42ad8,0x0000000087c80000)
 Metaspace       used 64935K, committed 66368K, reserved 1114112K
  class space    used 6616K, committed 7232K, reserved 1048576K
}
Event: 2010.698 GC heap after
{Heap after GC invocations=109 (full 3):
 PSYoungGen      total 6144K, used 800K [0x00000000d5580000, 0x00000000d5e00000, 0x0000000100000000)
  eden space 5120K, 0% used [0x00000000d5580000,0x00000000d5580000,0x00000000d5a80000)
  from space 1024K, 78% used [0x00000000d5d00000,0x00000000d5dc8020,0x00000000d5e00000)
  to   space 1024K, 0% used [0x00000000d5c00000,0x00000000d5c00000,0x00000000d5d00000)
 ParOldGen       total 128000K, used 127658K [0x0000000080000000, 0x0000000087d00000, 0x00000000d5580000)
  object space 128000K, 99% used [0x0000000080000000,0x0000000087caab18,0x0000000087d00000)
 Metaspace       used 64935K, committed 66368K, reserved 1114112K
  class space    used 6616K, committed 7232K, reserved 1048576K
}
Event: 2010.738 GC heap before
{Heap before GC invocations=110 (full 3):
 PSYoungGen      total 6144K, used 5920K [0x00000000d5580000, 0x00000000d5e00000, 0x0000000100000000)
  eden space 5120K, 100% used [0x00000000d5580000,0x00000000d5a80000,0x00000000d5a80000)
  from space 1024K, 78% used [0x00000000d5d00000,0x00000000d5dc8020,0x00000000d5e00000)
  to   space 1024K, 0% used [0x00000000d5c00000,0x00000000d5c00000,0x00000000d5d00000)
 ParOldGen       total 128000K, used 127658K [0x0000000080000000, 0x0000000087d00000, 0x00000000d5580000)
  object space 128000K, 99% used [0x0000000080000000,0x0000000087caab18,0x0000000087d00000)
 Metaspace       used 64955K, committed 66368K, reserved 1114112K
  class space    used 6616K, committed 7232K, reserved 1048576K
}
Event: 2010.740 GC heap after
{Heap after GC invocations=110 (full 3):
 PSYoungGen      total 6144K, used 1013K [0x00000000d5580000, 0x00000000d5f80000, 0x0000000100000000)
  eden space 5120K, 0% used [0x00000000d5580000,0x00000000d5580000,0x00000000d5a80000)
  from space 1024K, 98% used [0x00000000d5c00000,0x00000000d5cfd5c0,0x00000000d5d00000)
  to   space 2560K, 0% used [0x00000000d5d00000,0x00000000d5d00000,0x00000000d5f80000)
 ParOldGen       total 129024K, used 128738K [0x0000000080000000, 0x0000000087e00000, 0x00000000d5580000)
  object space 129024K, 99% used [0x0000000080000000,0x0000000087db8b78,0x0000000087e00000)
 Metaspace       used 64955K, committed 66368K, reserved 1114112K
  class space    used 6616K, committed 7232K, reserved 1048576K
}
Event: 2010.762 GC heap before
{Heap before GC invocations=111 (full 3):
 PSYoungGen      total 6144K, used 6133K [0x00000000d5580000, 0x00000000d5f80000, 0x0000000100000000)
  eden space 5120K, 100% used [0x00000000d5580000,0x00000000d5a80000,0x00000000d5a80000)
  from space 1024K, 98% used [0x00000000d5c00000,0x00000000d5cfd5c0,0x00000000d5d00000)
  to   space 2560K, 0% used [0x00000000d5d00000,0x00000000d5d00000,0x00000000d5f80000)
 ParOldGen       total 129024K, used 128738K [0x0000000080000000, 0x0000000087e00000, 0x00000000d5580000)
  object space 129024K, 99% used [0x0000000080000000,0x0000000087db8b78,0x0000000087e00000)
 Metaspace       used 64957K, committed 66368K, reserved 1114112K
  class space    used 6616K, committed 7232K, reserved 1048576K
}
Event: 2010.764 GC heap after
{Heap after GC invocations=111 (full 3):
 PSYoungGen      total 6144K, used 544K [0x00000000d5580000, 0x00000000d5e00000, 0x0000000100000000)
  eden space 5120K, 0% used [0x00000000d5580000,0x00000000d5580000,0x00000000d5a80000)
  from space 1024K, 53% used [0x00000000d5d00000,0x00000000d5d88000,0x00000000d5e00000)
  to   space 1536K, 0% used [0x00000000d5b00000,0x00000000d5b00000,0x00000000d5c80000)
 ParOldGen       total 130048K, used 129757K [0x0000000080000000, 0x0000000087f00000, 0x00000000d5580000)
  object space 130048K, 99% used [0x0000000080000000,0x0000000087eb7670,0x0000000087f00000)
 Metaspace       used 64957K, committed 66368K, reserved 1114112K
  class space    used 6616K, committed 7232K, reserved 1048576K
}
Event: 2010.779 GC heap before
{Heap before GC invocations=112 (full 3):
 PSYoungGen      total 6144K, used 5664K [0x00000000d5580000, 0x00000000d5e00000, 0x0000000100000000)
  eden space 5120K, 100% used [0x00000000d5580000,0x00000000d5a80000,0x00000000d5a80000)
  from space 1024K, 53% used [0x00000000d5d00000,0x00000000d5d88000,0x00000000d5e00000)
  to   space 1536K, 0% used [0x00000000d5b00000,0x00000000d5b00000,0x00000000d5c80000)
 ParOldGen       total 130048K, used 129757K [0x0000000080000000, 0x0000000087f00000, 0x00000000d5580000)
  object space 130048K, 99% used [0x0000000080000000,0x0000000087eb7670,0x0000000087f00000)
 Metaspace       used 64959K, committed 66368K, reserved 1114112K
  class space    used 6617K, committed 7232K, reserved 1048576K
}
Event: 2010.780 GC heap after
{Heap after GC invocations=112 (full 3):
 PSYoungGen      total 6656K, used 608K [0x00000000d5580000, 0x00000000d5d80000, 0x0000000100000000)
  eden space 5120K, 0% used [0x00000000d5580000,0x00000000d5580000,0x00000000d5a80000)
  from space 1536K, 39% used [0x00000000d5b00000,0x00000000d5b98020,0x00000000d5c80000)
  to   space 1024K, 0% used [0x00000000d5c80000,0x00000000d5c80000,0x00000000d5d80000)
 ParOldGen       total 130560K, used 130133K [0x0000000080000000, 0x0000000087f80000, 0x00000000d5580000)
  object space 130560K, 99% used [0x0000000080000000,0x0000000087f156b0,0x0000000087f80000)
 Metaspace       used 64959K, committed 66368K, reserved 1114112K
  class space    used 6617K, committed 7232K, reserved 1048576K
}

