# JRE version: OpenJDK Runtime Environment Temurin-21.0.10+7 (21.0.10+7) (build 21.0.10+7-LTS)
# Java VM: OpenJDK 64-Bit Server VM Temurin-21.0.10+7 (21.0.10+7-LTS, mixed mode, sharing, tiered, compressed oops, compressed class ptrs, parallel gc, windows-amd64)
GC Precious Log:
 CardTable entry size: 512
 CPUs: 16 total, 16 available
 Memory: 6005M
 Large Page Support: Disabled
 NUMA Support: Disabled
 Compressed Oops: Enabled (32-bit)
 Alignments: Space 512K, Generation 512K, Heap 2M
 Heap Min Capacity: 100M
 Heap Initial Capacity: 100M
 Heap Max Capacity: 2G
 Pre-touch: Disabled
 Parallel Workers: 13
Heap:
 PSYoungGen      total 22528K, used 21585K [0x00000000d5580000, 0x00000000d6e00000, 0x0000000100000000)
  eden space 20992K, 95% used [0x00000000d5580000,0x00000000d6918438,0x00000000d6a00000)
  from space 1536K, 98% used [0x00000000d6a80000,0x00000000d6bfc010,0x00000000d6c00000)
  to   space 2048K, 0% used [0x00000000d6c00000,0x00000000d6c00000,0x00000000d6e00000)
 ParOldGen       total 576512K, used 428211K [0x0000000080000000, 0x00000000a3300000, 0x00000000d5580000)
  object space 576512K, 74% used [0x0000000080000000,0x000000009a22cc08,0x00000000a3300000)
 Metaspace       used 68191K, committed 69568K, reserved 1114112K
  class space    used 6741K, committed 7360K, reserved 1048576K
GC Heap History (20 events):
Event: 5423.613 GC heap before
{Heap before GC invocations=1072 (full 4):
 PSYoungGen      total 25088K, used 24112K [0x00000000d5580000, 0x00000000d7580000, 0x0000000100000000)
  eden space 20992K, 100% used [0x00000000d5580000,0x00000000d6a00000,0x00000000d6a00000)
  from space 4096K, 76% used [0x00000000d6a00000,0x00000000d6d0c290,0x00000000d6e00000)
  to   space 3584K, 0% used [0x00000000d7200000,0x00000000d7200000,0x00000000d7580000)
 ParOldGen       total 576512K, used 412495K [0x0000000080000000, 0x00000000a3300000, 0x00000000d5580000)
  object space 576512K, 71% used [0x0000000080000000,0x00000000992d3fa8,0x00000000a3300000)
 Metaspace       used 68073K, committed 69440K, reserved 1114112K
  class space    used 6741K, committed 7360K, reserved 1048576K
}
Event: 5423.625 GC heap after
{Heap after GC invocations=1072 (full 4):
 PSYoungGen      total 23552K, used 2283K [0x00000000d5580000, 0x00000000d7480000, 0x0000000100000000)
  eden space 20992K, 0% used [0x00000000d5580000,0x00000000d5580000,0x00000000d6a00000)
  from space 2560K, 89% used [0x00000000d7200000,0x00000000d743ac30,0x00000000d7480000)
  to   space 3072K, 0% used [0x00000000d6e80000,0x00000000d6e80000,0x00000000d7180000)
 ParOldGen       total 576512K, used 415304K [0x0000000080000000, 0x00000000a3300000, 0x00000000d5580000)
  object space 576512K, 72% used [0x0000000080000000,0x00000000995922c8,0x00000000a3300000)
 Metaspace       used 68073K, committed 69440K, reserved 1114112K
  class space    used 6741K, committed 7360K, reserved 1048576K
}
Event: 5454.397 GC heap before
{Heap before GC invocations=1073 (full 4):
 PSYoungGen      total 23552K, used 23275K [0x00000000d5580000, 0x00000000d7480000, 0x0000000100000000)
  eden space 20992K, 100% used [0x00000000d5580000,0x00000000d6a00000,0x00000000d6a00000)
  from space 2560K, 89% used [0x00000000d7200000,0x00000000d743ac30,0x00000000d7480000)
  to   space 3072K, 0% used [0x00000000d6e80000,0x00000000d6e80000,0x00000000d7180000)
 ParOldGen       total 576512K, used 415304K [0x0000000080000000, 0x00000000a3300000, 0x00000000d5580000)
  object space 576512K, 72% used [0x0000000080000000,0x00000000995922c8,0x00000000a3300000)
 Metaspace       used 68073K, committed 69440K, reserved 1114112K
  class space    used 6741K, committed 7360K, reserved 1048576K
}
Event: 5454.414 GC heap after
{Heap after GC invocations=1073 (full 4):
 PSYoungGen      total 23040K, used 1750K [0x00000000d5580000, 0x00000000d7280000, 0x0000000100000000)
  eden space 20992K, 0% used [0x00000000d5580000,0x00000000d5580000,0x00000000d6a00000)
  from space 2048K, 85% used [0x00000000d6e80000,0x00000000d7035960,0x00000000d7080000)
  to   space 2048K, 0% used [0x00000000d7080000,0x00000000d7080000,0x00000000d7280000)
 ParOldGen       total 576512K, used 417192K [0x0000000080000000, 0x00000000a3300000, 0x00000000d5580000)
  object space 576512K, 72% used [0x0000000080000000,0x000000009976a000,0x00000000a3300000)
 Metaspace       used 68073K, committed 69440K, reserved 1114112K
  class space    used 6741K, committed 7360K, reserved 1048576K
}
Event: 5455.062 GC heap before
{Heap before GC invocations=1074 (full 4):
 PSYoungGen      total 23040K, used 22742K [0x00000000d5580000, 0x00000000d7280000, 0x0000000100000000)
  eden space 20992K, 99% used [0x00000000d5580000,0x00000000d69fffc0,0x00000000d6a00000)
  from space 2048K, 85% used [0x00000000d6e80000,0x00000000d7035960,0x00000000d7080000)
  to   space 2048K, 0% used [0x00000000d7080000,0x00000000d7080000,0x00000000d7280000)
 ParOldGen       total 576512K, used 417192K [0x0000000080000000, 0x00000000a3300000, 0x00000000d5580000)
  object space 576512K, 72% used [0x0000000080000000,0x000000009976a000,0x00000000a3300000)
 Metaspace       used 68077K, committed 69440K, reserved 1114112K
  class space    used 6741K, committed 7360K, reserved 1048576K
}
Event: 5455.069 GC heap after
{Heap after GC invocations=1074 (full 4):
 PSYoungGen      total 23040K, used 2017K [0x00000000d5580000, 0x00000000d7300000, 0x0000000100000000)
  eden space 20992K, 0% used [0x00000000d5580000,0x00000000d5580000,0x00000000d6a00000)
  from space 2048K, 98% used [0x00000000d7080000,0x00000000d7278510,0x00000000d7280000)
  to   space 4608K, 0% used [0x00000000d6a00000,0x00000000d6a00000,0x00000000d6e80000)
 ParOldGen       total 576512K, used 419172K [0x0000000080000000, 0x00000000a3300000, 0x00000000d5580000)
  object space 576512K, 72% used [0x0000000080000000,0x00000000999590c8,0x00000000a3300000)
 Metaspace       used 68077K, committed 69440K, reserved 1114112K
  class space    used 6741K, committed 7360K, reserved 1048576K
}
Event: 5480.793 GC heap before
{Heap before GC invocations=1075 (full 4):
 PSYoungGen      total 23040K, used 23009K [0x00000000d5580000, 0x00000000d7300000, 0x0000000100000000)
  eden space 20992K, 100% used [0x00000000d5580000,0x00000000d6a00000,0x00000000d6a00000)
  from space 2048K, 98% used [0x00000000d7080000,0x00000000d7278510,0x00000000d7280000)
  to   space 4608K, 0% used [0x00000000d6a00000,0x00000000d6a00000,0x00000000d6e80000)
 ParOldGen       total 576512K, used 419172K [0x0000000080000000, 0x00000000a3300000, 0x00000000d5580000)
  object space 576512K, 72% used [0x0000000080000000,0x00000000999590c8,0x00000000a3300000)
 Metaspace       used 68077K, committed 69440K, reserved 1114112K
  class space    used 6741K, committed 7360K, reserved 1048576K
}
Event: 5480.803 GC heap after
{Heap after GC invocations=1075 (full 4):
 PSYoungGen      total 25600K, used 928K [0x00000000d5580000, 0x00000000d7100000, 0x0000000100000000)
  eden space 20992K, 0% used [0x00000000d5580000,0x00000000d5580000,0x00000000d6a00000)
  from space 4608K, 20% used [0x00000000d6a00000,0x00000000d6ae8000,0x00000000d6e80000)
  to   space 2048K, 0% used [0x00000000d6f00000,0x00000000d6f00000,0x00000000d7100000)
 ParOldGen       total 576512K, used 421162K [0x0000000080000000, 0x00000000a3300000, 0x00000000d5580000)
  object space 576512K, 73% used [0x0000000080000000,0x0000000099b4a998,0x00000000a3300000)
 Metaspace       used 68077K, committed 69440K, reserved 1114112K
  class space    used 6741K, committed 7360K, reserved 1048576K
}
Event: 5486.511 GC heap before
{Heap before GC invocations=1076 (full 4):
 PSYoungGen      total 25600K, used 21920K [0x00000000d5580000, 0x00000000d7100000, 0x0000000100000000)
  eden space 20992K, 100% used [0x00000000d5580000,0x00000000d6a00000,0x00000000d6a00000)
  from space 4608K, 20% used [0x00000000d6a00000,0x00000000d6ae8000,0x00000000d6e80000)
  to   space 2048K, 0% used [0x00000000d6f00000,0x00000000d6f00000,0x00000000d7100000)
 ParOldGen       total 576512K, used 421162K [0x0000000080000000, 0x00000000a3300000, 0x00000000d5580000)
  object space 576512K, 73% used [0x0000000080000000,0x0000000099b4a998,0x00000000a3300000)
 Metaspace       used 68080K, committed 69504K, reserved 1114112K
  class space    used 6741K, committed 7360K, reserved 1048576K
}
Event: 5486.519 GC heap after
{Heap after GC invocations=1076 (full 4):
 PSYoungGen      total 22528K, used 1440K [0x00000000d5580000, 0x00000000d7080000, 0x0000000100000000)
  eden space 20992K, 0% used [0x00000000d5580000,0x00000000d5580000,0x00000000d6a00000)
  from space 1536K, 93% used [0x00000000d6f00000,0x00000000d7068020,0x00000000d7080000)
  to   space 2048K, 0% used [0x00000000d6c80000,0x00000000d6c80000,0x00000000d6e80000)
 ParOldGen       total 576512K, used 421934K [0x0000000080000000, 0x00000000a3300000, 0x00000000d5580000)
  object space 576512K, 73% used [0x0000000080000000,0x0000000099c0b8a8,0x00000000a3300000)
 Metaspace       used 68080K, committed 69504K, reserved 1114112K
  class space    used 6741K, committed 7360K, reserved 1048576K
}
Event: 5515.743 GC heap before
{Heap before GC invocations=1077 (full 4):
 PSYoungGen      total 22528K, used 22432K [0x00000000d5580000, 0x00000000d7080000, 0x0000000100000000)
  eden space 20992K, 100% used [0x00000000d5580000,0x00000000d6a00000,0x00000000d6a00000)
  from space 1536K, 93% used [0x00000000d6f00000,0x00000000d7068020,0x00000000d7080000)
  to   space 2048K, 0% used [0x00000000d6c80000,0x00000000d6c80000,0x00000000d6e80000)
 ParOldGen       total 576512K, used 421934K [0x0000000080000000, 0x00000000a3300000, 0x00000000d5580000)
  object space 576512K, 73% used [0x0000000080000000,0x0000000099c0b8a8,0x00000000a3300000)
 Metaspace       used 68085K, committed 69504K, reserved 1114112K
  class space    used 6741K, committed 7360K, reserved 1048576K
}
Event: 5515.773 GC heap after
{Heap after GC invocations=1077 (full 4):
 PSYoungGen      total 23040K, used 2022K [0x00000000d5580000, 0x00000000d6f80000, 0x0000000100000000)
  eden space 20992K, 0% used [0x00000000d5580000,0x00000000d5580000,0x00000000d6a00000)
  from space 2048K, 98% used [0x00000000d6c80000,0x00000000d6e79ab0,0x00000000d6e80000)
  to   space 1024K, 0% used [0x00000000d6e80000,0x00000000d6e80000,0x00000000d6f80000)
 ParOldGen       total 576512K, used 423192K [0x0000000080000000, 0x00000000a3300000, 0x00000000d5580000)
  object space 576512K, 73% used [0x0000000080000000,0x0000000099d463e8,0x00000000a3300000)
 Metaspace       used 68085K, committed 69504K, reserved 1114112K
  class space    used 6741K, committed 7360K, reserved 1048576K
}
Event: 5543.113 GC heap before
{Heap before GC invocations=1078 (full 4):
 PSYoungGen      total 23040K, used 23014K [0x00000000d5580000, 0x00000000d6f80000, 0x0000000100000000)
  eden space 20992K, 100% used [0x00000000d5580000,0x00000000d6a00000,0x00000000d6a00000)
  from space 2048K, 98% used [0x00000000d6c80000,0x00000000d6e79ab0,0x00000000d6e80000)
  to   space 1024K, 0% used [0x00000000d6e80000,0x00000000d6e80000,0x00000000d6f80000)
 ParOldGen       total 576512K, used 423192K [0x0000000080000000, 0x00000000a3300000, 0x00000000d5580000)
  object space 576512K, 73% used [0x0000000080000000,0x0000000099d463e8,0x00000000a3300000)
 Metaspace       used 68090K, committed 69504K, reserved 1114112K
  class space    used 6741K, committed 7360K, reserved 1048576K
}
Event: 5543.124 GC heap after
{Heap after GC invocations=1078 (full 4):
 PSYoungGen      total 22016K, used 1008K [0x00000000d5580000, 0x00000000d7000000, 0x0000000100000000)
  eden space 20992K, 0% used [0x00000000d5580000,0x00000000d5580000,0x00000000d6a00000)
  from space 1024K, 98% used [0x00000000d6e80000,0x00000000d6f7c020,0x00000000d6f80000)
  to   space 3072K, 0% used [0x00000000d6a00000,0x00000000d6a00000,0x00000000d6d00000)
 ParOldGen       total 576512K, used 424966K [0x0000000080000000, 0x00000000a3300000, 0x00000000d5580000)
  object space 576512K, 73% used [0x0000000080000000,0x0000000099f018a8,0x00000000a3300000)
 Metaspace       used 68090K, committed 69504K, reserved 1114112K
  class space    used 6741K, committed 7360K, reserved 1048576K
}
Event: 5543.802 GC heap before
{Heap before GC invocations=1079 (full 4):
 PSYoungGen      total 22016K, used 22000K [0x00000000d5580000, 0x00000000d7000000, 0x0000000100000000)
  eden space 20992K, 100% used [0x00000000d5580000,0x00000000d6a00000,0x00000000d6a00000)
  from space 1024K, 98% used [0x00000000d6e80000,0x00000000d6f7c020,0x00000000d6f80000)
  to   space 3072K, 0% used [0x00000000d6a00000,0x00000000d6a00000,0x00000000d6d00000)
 ParOldGen       total 576512K, used 424966K [0x0000000080000000, 0x00000000a3300000, 0x00000000d5580000)
  object space 576512K, 73% used [0x0000000080000000,0x0000000099f018a8,0x00000000a3300000)
 Metaspace       used 68093K, committed 69504K, reserved 1114112K
  class space    used 6741K, committed 7360K, reserved 1048576K
}
Event: 5543.808 GC heap after
{Heap after GC invocations=1079 (full 4):
 PSYoungGen      total 23552K, used 2432K [0x00000000d5580000, 0x00000000d6f00000, 0x0000000100000000)
  eden space 20992K, 0% used [0x00000000d5580000,0x00000000d5580000,0x00000000d6a00000)
  from space 2560K, 95% used [0x00000000d6a00000,0x00000000d6c60080,0x00000000d6c80000)
  to   space 2560K, 0% used [0x00000000d6c80000,0x00000000d6c80000,0x00000000d6f00000)
 ParOldGen       total 576512K, used 425850K [0x0000000080000000, 0x00000000a3300000, 0x00000000d5580000)
  object space 576512K, 73% used [0x0000000080000000,0x0000000099fde990,0x00000000a3300000)
 Metaspace       used 68093K, committed 69504K, reserved 1114112K
  class space    used 6741K, committed 7360K, reserved 1048576K
}
Event: 9498.059 GC heap before
{Heap before GC invocations=1080 (full 4):
 PSYoungGen      total 23552K, used 23424K [0x00000000d5580000, 0x00000000d6f00000, 0x0000000100000000)
  eden space 20992K, 100% used [0x00000000d5580000,0x00000000d6a00000,0x00000000d6a00000)
  from space 2560K, 95% used [0x00000000d6a00000,0x00000000d6c60080,0x00000000d6c80000)
  to   space 2560K, 0% used [0x00000000d6c80000,0x00000000d6c80000,0x00000000d6f00000)
 ParOldGen       total 576512K, used 425850K [0x0000000080000000, 0x00000000a3300000, 0x00000000d5580000)
  object space 576512K, 73% used [0x0000000080000000,0x0000000099fde990,0x00000000a3300000)
 Metaspace       used 68187K, committed 69568K, reserved 1114112K
  class space    used 6741K, committed 7360K, reserved 1048576K
}
Event: 9498.343 GC heap after
{Heap after GC invocations=1080 (full 4):
 PSYoungGen      total 22016K, used 640K [0x00000000d5580000, 0x00000000d6d80000, 0x0000000100000000)
  eden space 20992K, 0% used [0x00000000d5580000,0x00000000d5580000,0x00000000d6a00000)
  from space 1024K, 62% used [0x00000000d6c80000,0x00000000d6d20000,0x00000000d6d80000)
  to   space 1536K, 0% used [0x00000000d6a80000,0x00000000d6a80000,0x00000000d6c00000)
 ParOldGen       total 576512K, used 427925K [0x0000000080000000, 0x00000000a3300000, 0x00000000d5580000)
  object space 576512K, 74% used [0x0000000080000000,0x000000009a1e5468,0x00000000a3300000)
 Metaspace       used 68187K, committed 69568K, reserved 1114112K
  class space    used 6741K, committed 7360K, reserved 1048576K
}
Event: 9499.877 GC heap before
{Heap before GC invocations=1081 (full 4):
 PSYoungGen      total 22016K, used 21631K [0x00000000d5580000, 0x00000000d6d80000, 0x0000000100000000)
  eden space 20992K, 99% used [0x00000000d5580000,0x00000000d69ffff0,0x00000000d6a00000)
  from space 1024K, 62% used [0x00000000d6c80000,0x00000000d6d20000,0x00000000d6d80000)
  to   space 1536K, 0% used [0x00000000d6a80000,0x00000000d6a80000,0x00000000d6c00000)
 ParOldGen       total 576512K, used 427925K [0x0000000080000000, 0x00000000a3300000, 0x00000000d5580000)
  object space 576512K, 74% used [0x0000000080000000,0x000000009a1e5468,0x00000000a3300000)
 Metaspace       used 68188K, committed 69568K, reserved 1114112K
  class space    used 6741K, committed 7360K, reserved 1048576K
}
Event: 9499.886 GC heap after
{Heap after GC invocations=1081 (full 4):
 PSYoungGen      total 22528K, used 1520K [0x00000000d5580000, 0x00000000d6e00000, 0x0000000100000000)
  eden space 20992K, 0% used [0x00000000d5580000,0x00000000d5580000,0x00000000d6a00000)
  from space 1536K, 98% used [0x00000000d6a80000,0x00000000d6bfc010,0x00000000d6c00000)
  to   space 2048K, 0% used [0x00000000d6c00000,0x00000000d6c00000,0x00000000d6e00000)
 ParOldGen       total 576512K, used 428211K [0x0000000080000000, 0x00000000a3300000, 0x00000000d5580000)
  object space 576512K, 74% used [0x0000000080000000,0x000000009a22cc08,0x00000000a3300000)
 Metaspace       used 68188K, committed 69568K, reserved 1114112K
  class space    used 6741K, committed 7360K, reserved 1048576K
}

